# Server version 0.08 running on olivier-ThinkPad-T450:8123
# Game ID: 34
# Board class: hus.HusBoard
# Timeout: 2000
# First Move Timeout: 30000
# Date: Tue Mar 29 15:53:32 EDT 2016
# Player 1: Player-0, '260523926', running on localhost
# Player 2: Player-1, 'RandomHusPlayer', running on localhost
START Player-0 260523926
START Player-1 RandomHusPlayer
PIT 0 10
PIT 1 8
PIT 0 22
PIT 1 21
PIT 0 7
PIT 1 20
PIT 0 0
PIT 1 4
PIT 0 1
PIT 1 8
PIT 0 3
PIT 1 12
PIT 0 5
PIT 1 28
PIT 0 6
PIT 1 9
PIT 0 7
PIT 1 27
PIT 0 10
PIT 1 16
PIT 0 11
PIT 1 21
PIT 0 12
PIT 1 10
PIT 0 13
PIT 1 15
PIT 0 15
PIT 1 12
PIT 0 16
PIT 1 16
GAMEOVER WINNER 1
# Game ended: Tue Mar 29 15:53:47 EDT 2016
