# Server version 0.08 running on olivier-ThinkPad-T450:8123
# Game ID: 38
# Board class: hus.HusBoard
# Timeout: 2000
# First Move Timeout: 30000
# Date: Tue Mar 29 15:56:03 EDT 2016
# Player 1: Player-0, 'RandomHusPlayer', running on localhost
# Player 2: Player-1, '260523926', running on localhost
START Player-0 RandomHusPlayer
START Player-1 260523926
PIT 0 0
PIT 1 19
PIT 0 22
PIT 1 13
PIT 0 1
PIT 1 20
PIT 0 15
PIT 1 6
PIT 0 16
PIT 1 17
PIT 0 9
PIT 1 22
PIT 0 10
PIT 1 2
PIT 0 24
PIT 1 1
PIT 0 3
PIT 1 16
PIT 0 21
PIT 1 19
PIT 0 25
PIT 1 18
PIT 0 12
PIT 1 5
PIT 0 30
PIT 1 30
PIT 0 26
PIT 1 1
PIT 0 13
PIT 1 4
PIT 0 16
PIT 1 12
PIT 0 31
PIT 1 15
PIT 0 17
PIT 1 28
GAMEOVER WINNER 1
# Game ended: Tue Mar 29 15:56:23 EDT 2016
