# Server version 0.08 running on olivier-ThinkPad-T450:8123
# Game ID: 55
# Board class: hus.HusBoard
# Timeout: 2000
# First Move Timeout: 30000
# Date: Tue Mar 29 16:04:43 EDT 2016
# Player 1: Player-0, 'RandomHusPlayer', running on localhost
# Player 2: Player-1, '260523926', running on localhost
START Player-0 RandomHusPlayer
START Player-1 260523926
PIT 0 11
PIT 1 0
PIT 0 15
PIT 1 1
PIT 0 7
PIT 1 3
PIT 0 14
PIT 1 8
PIT 0 25
PIT 1 18
PIT 0 22
PIT 1 0
PIT 0 2
PIT 1 30
PIT 0 19
PIT 1 28
GAMEOVER WINNER 1
# Game ended: Tue Mar 29 16:04:56 EDT 2016
