# Server version 0.08 running on olivier-ThinkPad-T450:8123
# Game ID: 52
# Board class: hus.HusBoard
# Timeout: 2000
# First Move Timeout: 30000
# Date: Tue Mar 29 16:03:11 EDT 2016
# Player 1: Player-0, '260523926', running on localhost
# Player 2: Player-1, 'RandomHusPlayer', running on localhost
START Player-0 260523926
START Player-1 RandomHusPlayer
PIT 0 10
PIT 1 14
PIT 0 19
PIT 1 3
PIT 0 0
PIT 1 4
PIT 0 1
PIT 1 21
PIT 0 24
PIT 1 0
PIT 0 13
PIT 1 18
PIT 0 3
PIT 1 17
PIT 0 9
PIT 1 24
PIT 0 5
PIT 1 1
PIT 0 26
PIT 1 15
PIT 0 16
PIT 1 20
PIT 0 24
GAMEOVER WINNER 0
# Game ended: Tue Mar 29 16:03:21 EDT 2016
