# Server version 0.08 running on olivier-ThinkPad-T450:8123
# Game ID: 86
# Board class: hus.HusBoard
# Timeout: 2000
# First Move Timeout: 30000
# Date: Wed Mar 30 21:50:04 EDT 2016
# Player 1: Player-0, '260523926', running on localhost
# Player 2: Player-1, 'Human', running on localhost
START Player-0 260523926
START Player-1 Human
PIT 0 0
PIT 1 0
PIT 0 15
PIT 1 22
PIT 0 9
PIT 1 1
PIT 0 20
PIT 1 3
PIT 0 19
PIT 1 5
PIT 0 21
PIT 1 6
PIT 0 31
PIT 1 7
PIT 0 30
PIT 1 8
PIT 0 26
PIT 1 12
PIT 0 27
GAMEOVER WINNER 0
# Game ended: Wed Mar 30 21:50:37 EDT 2016
