# Server version 0.08 running on olivier-ThinkPad-T450:8123
# Game ID: 13
# Board class: hus.HusBoard
# Timeout: 2000
# First Move Timeout: 30000
# Date: Tue Mar 29 15:20:29 EDT 2016
# Player 1: Player-0, '260523926', running on localhost
# Player 2: Player-1, 'RandomHusPlayer', running on localhost
START Player-0 260523926
START Player-1 RandomHusPlayer
PIT 0 22
PIT 1 18
PIT 0 10
PIT 1 3
PIT 0 23
PIT 1 4
PIT 0 0
PIT 1 21
PIT 0 14
PIT 1 17
PIT 0 16
PIT 1 27
PIT 0 3
PIT 1 0
PIT 0 19
PIT 1 15
PIT 0 25
PIT 1 25
PIT 0 20
PIT 1 22
PIT 0 7
PIT 1 16
PIT 0 21
PIT 1 24
PIT 0 26
PIT 1 1
PIT 0 27
PIT 1 3
PIT 0 5
PIT 1 6
PIT 0 29
PIT 1 25
GAMEOVER WINNER 1
# Game ended: Tue Mar 29 15:20:30 EDT 2016
