# Server version 0.08 running on olivier-ThinkPad-T450:8123
# Game ID: 79
# Board class: hus.HusBoard
# Timeout: 2000
# First Move Timeout: 30000
# Date: Tue Mar 29 17:08:08 EDT 2016
# Player 1: Player-0, '260523926', running on localhost
# Player 2: Player-1, 'Human', running on localhost
START Player-0 260523926
START Player-1 Human
PIT 0 4
PIT 1 23
PIT 0 1
PIT 1 22
PIT 0 0
PIT 1 18
PIT 0 4
PIT 1 24
PIT 0 5
PIT 1 27
PIT 0 6
PIT 1 25
PIT 0 10
PIT 1 28
PIT 0 16
PIT 1 29
PIT 0 17
PIT 1 30
PIT 0 18
PIT 1 31
PIT 0 22
PIT 1 17
PIT 0 9
PIT 1 25
PIT 0 14
PIT 1 28
PIT 0 15
PIT 1 27
GAMEOVER WINNER 1
# Game ended: Tue Mar 29 17:09:36 EDT 2016
