# Server version 0.08 running on olivier-ThinkPad-T450:8123
# Game ID: 20
# Board class: hus.HusBoard
# Timeout: 2000
# First Move Timeout: 30000
# Date: Tue Mar 29 15:34:31 EDT 2016
# Player 1: Player-0, '260523926', running on localhost
# Player 2: Player-1, 'RandomHusPlayer', running on localhost
START Player-0 260523926
START Player-1 RandomHusPlayer
PIT 0 22
PIT 1 13
PIT 0 18
PIT 1 17
PIT 0 24
PIT 1 9
PIT 0 10
PIT 1 16
PIT 0 1
PIT 1 6
PIT 0 14
PIT 1 20
PIT 0 0
PIT 1 25
PIT 0 7
PIT 1 4
PIT 0 13
PIT 1 26
PIT 0 16
PIT 1 5
