# Server version 0.08 running on olivier-ThinkPad-T450:8123
# Game ID: 44
# Board class: hus.HusBoard
# Timeout: 2000
# First Move Timeout: 30000
# Date: Tue Mar 29 15:59:31 EDT 2016
# Player 1: Player-0, '260523926', running on localhost
# Player 2: Player-1, 'RandomHusPlayer', running on localhost
START Player-0 260523926
START Player-1 RandomHusPlayer
PIT 0 10
PIT 1 5
PIT 0 20
PIT 1 4
PIT 0 16
PIT 1 18
PIT 0 0
PIT 1 0
PIT 0 17
PIT 1 11
PIT 0 1
PIT 1 21
PIT 0 2
PIT 1 27
PIT 0 3
PIT 1 23
PIT 0 4
PIT 1 30
PIT 0 6
PIT 1 5
PIT 0 20
PIT 1 28
PIT 0 23
PIT 1 31
PIT 0 7
PIT 1 8
PIT 0 13
PIT 1 16
PIT 0 16
PIT 1 20
PIT 0 21
PIT 1 11
PIT 0 0
PIT 1 6
PIT 0 31
PIT 1 5
PIT 0 10
PIT 1 13
PIT 0 20
GAMEOVER WINNER 0
# Game ended: Tue Mar 29 15:59:49 EDT 2016
