# Server version 0.08 running on olivier-ThinkPad-T450:8123
# Game ID: 17
# Board class: hus.HusBoard
# Timeout: 2000
# First Move Timeout: 30000
# Date: Tue Mar 29 15:26:40 EDT 2016
# Player 1: Player-0, '260523926', running on localhost
# Player 2: Player-1, 'RandomHusPlayer', running on localhost
START Player-0 260523926
START Player-1 RandomHusPlayer
PIT 0 17
PIT 1 19
PIT 0 4
PIT 1 6
PIT 0 13
PIT 1 24
PIT 0 5
PIT 1 12
PIT 0 3
PIT 1 22
PIT 0 2
PIT 1 31
PIT 0 22
PIT 1 29
PIT 0 5
PIT 1 30
PIT 0 10
PIT 1 2
PIT 0 1
PIT 1 25
PIT 0 11
PIT 1 26
PIT 0 23
PIT 1 11
PIT 0 0
PIT 1 5
PIT 0 12
PIT 1 6
PIT 0 24
PIT 1 29
PIT 0 13
PIT 1 10
GAMEOVER WINNER 1
# Game ended: Tue Mar 29 15:27:40 EDT 2016
