# Server version 0.08 running on olivier-ThinkPad-T450:8123
# Game ID: 42
# Board class: hus.HusBoard
# Timeout: 2000
# First Move Timeout: 30000
# Date: Tue Mar 29 15:58:52 EDT 2016
# Player 1: Player-0, '260523926', running on localhost
# Player 2: Player-1, 'RandomHusPlayer', running on localhost
START Player-0 260523926
START Player-1 RandomHusPlayer
PIT 0 10
PIT 1 4
PIT 0 0
PIT 1 10
PIT 0 1
PIT 1 0
PIT 0 3
PIT 1 23
PIT 0 15
PIT 1 19
PIT 0 9
PIT 1 21
PIT 0 3
PIT 1 14
PIT 0 25
PIT 1 22
PIT 0 27
PIT 1 3
PIT 0 21
PIT 1 4
PIT 0 29
PIT 1 1
PIT 0 20
GAMEOVER WINNER 0
# Game ended: Tue Mar 29 15:59:06 EDT 2016
