# Server version 0.08 running on olivier-ThinkPad-T450:8123
# Game ID: 25
# Board class: hus.HusBoard
# Timeout: 2000
# First Move Timeout: 30000
# Date: Tue Mar 29 15:41:05 EDT 2016
# Player 1: Player-0, '260523926', running on localhost
# Player 2: Player-1, 'RandomHusPlayer', running on localhost
START Player-0 260523926
START Player-1 RandomHusPlayer
PIT 0 6
PIT 1 12
PIT 0 7
PIT 1 16
PIT 0 16
PIT 1 6
PIT 0 9
PIT 1 18
PIT 0 12
PIT 1 2
PIT 0 16
PIT 1 20
PIT 0 4
PIT 1 15
PIT 0 19
PIT 1 13
PIT 0 3
PIT 1 0
