# Server version 0.08 running on olivier-ThinkPad-T450:8123
# Game ID: 39
# Board class: hus.HusBoard
# Timeout: 2000
# First Move Timeout: 30000
# Date: Tue Mar 29 15:57:09 EDT 2016
# Player 1: Player-0, '260523926', running on localhost
# Player 2: Player-1, 'RandomHusPlayer', running on localhost
START Player-0 260523926
START Player-1 RandomHusPlayer
PIT 0 10
PIT 1 15
PIT 0 16
PIT 1 14
PIT 0 1
PIT 1 9
PIT 0 0
PIT 1 22
PIT 0 8
PIT 1 3
PIT 0 4
PIT 1 18
PIT 0 5
PIT 1 6
PIT 0 14
PIT 1 0
PIT 0 25
PIT 1 13
PIT 0 24
PIT 1 1
PIT 0 31
PIT 1 2
PIT 0 27
PIT 1 20
PIT 0 15
PIT 1 14
PIT 0 30
PIT 1 3
PIT 0 31
GAMEOVER WINNER 0
# Game ended: Tue Mar 29 15:57:28 EDT 2016
